<?xml version="1.0" encoding="UTF-8"?>
<!-- Generated by org.testng.reporters.JUnitReportReporter -->
<testsuite hostname="obsidian" name="moc.tests.UserTest" tests="1" failures="0" timestamp="29 Jun 2015 08:50:47 GMT" time="0.002" errors="0">
  <testcase name="doTest" time="0.002" classname="moc.tests.UserTest"/>
</testsuite> <!-- moc.tests.UserTest -->
