<?xml version="1.0" encoding="UTF-8"?>
<!-- Generated by org.testng.reporters.JUnitReportReporter -->
<testsuite hostname="obsidian" name="moc.tests.SystemTest" tests="1" failures="0" timestamp="29 Jun 2015 10:42:44 GMT" time="0.004" errors="0">
  <testcase name="doTest" time="0.004" classname="moc.tests.SystemTest"/>
</testsuite> <!-- moc.tests.SystemTest -->
